2025-11-09 18:09:23.028 | INFO     | __main__:main:41 - STARTING logger.py
2025-11-09 18:09:23.028 | INFO     | __main__:log_example:34 - This is an example info message.
2025-11-09 18:09:23.028 | WARNING  | __main__:log_example:35 - This is an example warning message.
2025-11-09 18:09:23.028 | ERROR    | __main__:log_example:36 - This is an example error message.
2025-11-09 18:09:23.029 | INFO     | __main__:main:46 - View the log output at C:\Projects\smart-store-jacobsellinger\logs\project_log.log
2025-11-09 18:09:23.029 | INFO     | __main__:main:47 - EXITING logger.py.
2025-11-09 18:09:54.160 | INFO     | __main__:main:171 - ==================================
2025-11-09 18:09:54.160 | INFO     | __main__:main:172 - STARTING prepare_customers_data.py
2025-11-09 18:09:54.161 | INFO     | __main__:main:173 - ==================================
2025-11-09 18:09:54.161 | INFO     | __main__:main:175 - Root         : C:\Projects\smart-store-jacobsellinger
2025-11-09 18:09:54.161 | INFO     | __main__:main:176 - data/raw     : C:\Projects\smart-store-jacobsellinger\data\raw
2025-11-09 18:09:54.161 | INFO     | __main__:main:177 - data/prepared: C:\Projects\smart-store-jacobsellinger\data\prepared
2025-11-09 18:09:54.161 | INFO     | __main__:main:178 - scripts      : C:\Projects\smart-store-jacobsellinger\src
2025-11-09 18:09:54.161 | INFO     | __main__:read_raw_data:58 - READING: C:\Projects\smart-store-jacobsellinger\data\raw\customers_data.csv.
2025-11-09 18:09:54.175 | INFO     | __main__:main:190 - Initial dataframe columns: CustomerID, Name, Region, JoinDate, InStoreTripPercent, StatedChannelPreference
2025-11-09 18:09:54.175 | INFO     | __main__:main:191 - Initial dataframe shape: (201, 6)
2025-11-09 18:09:54.176 | INFO     | __main__:remove_duplicates:94 - FUNCTION START: remove_duplicates with dataframe shape=(201, 6)
2025-11-09 18:09:54.181 | INFO     | __main__:remove_duplicates:105 - Original dataframe shape: (201, 6)
2025-11-09 18:09:54.181 | INFO     | __main__:remove_duplicates:106 - Deduped  dataframe shape: (201, 6)
2025-11-09 18:09:54.181 | INFO     | __main__:handle_missing_values:122 - FUNCTION START: handle_missing_values with dataframe shape=(201, 6)
2025-11-09 18:09:54.182 | INFO     | __main__:handle_missing_values:126 - Total missing values before handling: 0
2025-11-09 18:09:54.183 | INFO     | __main__:handle_missing_values:135 - Total missing values after handling: 0
2025-11-09 18:09:54.183 | INFO     | __main__:handle_missing_values:136 - 201 records remaining after handling missing values.
2025-11-09 18:09:54.183 | INFO     | __main__:remove_outliers:150 - FUNCTION START: remove_outliers with dataframe shape=(201, 6)
2025-11-09 18:09:54.183 | INFO     | __main__:remove_outliers:158 - Removed 0 outlier rows
2025-11-09 18:09:54.183 | INFO     | __main__:remove_outliers:159 - 201 records remaining after removing outliers.
2025-11-09 18:09:54.184 | INFO     | __main__:save_prepared_data:76 - FUNCTION START: save_prepared_data with file_name=customers_prepared.csv, dataframe shape=(201, 6)
2025-11-09 18:09:54.187 | INFO     | __main__:save_prepared_data:79 - Data saved to C:\Projects\smart-store-jacobsellinger\data\prepared\customers_prepared.csv
2025-11-09 18:09:54.187 | INFO     | __main__:main:214 - ==================================
2025-11-09 18:09:54.187 | INFO     | __main__:main:215 - Original shape: (201, 6)
2025-11-09 18:09:54.187 | INFO     | __main__:main:216 - Cleaned shape:  (201, 6)
2025-11-09 18:09:54.187 | INFO     | __main__:main:217 - ==================================
2025-11-09 18:09:54.187 | INFO     | __main__:main:218 - FINISHED prepare_customers_data.py
2025-11-09 18:09:54.187 | INFO     | __main__:main:219 - ==================================
2025-11-09 18:10:05.956 | INFO     | __main__:main:41 - STARTING logger.py
2025-11-09 18:10:05.957 | INFO     | __main__:log_example:34 - This is an example info message.
2025-11-09 18:10:05.957 | WARNING  | __main__:log_example:35 - This is an example warning message.
2025-11-09 18:10:05.957 | ERROR    | __main__:log_example:36 - This is an example error message.
2025-11-09 18:10:05.957 | INFO     | __main__:main:46 - View the log output at C:\Projects\smart-store-jacobsellinger\logs\project_log.log
2025-11-09 18:10:05.957 | INFO     | __main__:main:47 - EXITING logger.py.
2025-11-09 18:10:09.559 | INFO     | __main__:main:171 - ==================================
2025-11-09 18:10:09.560 | INFO     | __main__:main:172 - STARTING prepare_customers_data.py
2025-11-09 18:10:09.560 | INFO     | __main__:main:173 - ==================================
2025-11-09 18:10:09.560 | INFO     | __main__:main:175 - Root         : C:\Projects\smart-store-jacobsellinger
2025-11-09 18:10:09.560 | INFO     | __main__:main:176 - data/raw     : C:\Projects\smart-store-jacobsellinger\data\raw
2025-11-09 18:10:09.560 | INFO     | __main__:main:177 - data/prepared: C:\Projects\smart-store-jacobsellinger\data\prepared
2025-11-09 18:10:09.560 | INFO     | __main__:main:178 - scripts      : C:\Projects\smart-store-jacobsellinger\src
2025-11-09 18:10:09.560 | INFO     | __main__:read_raw_data:58 - READING: C:\Projects\smart-store-jacobsellinger\data\raw\customers_data.csv.
2025-11-09 18:10:09.563 | INFO     | __main__:main:190 - Initial dataframe columns: CustomerID, Name, Region, JoinDate, InStoreTripPercent, StatedChannelPreference
2025-11-09 18:10:09.563 | INFO     | __main__:main:191 - Initial dataframe shape: (201, 6)
2025-11-09 18:10:09.564 | INFO     | __main__:remove_duplicates:94 - FUNCTION START: remove_duplicates with dataframe shape=(201, 6)
2025-11-09 18:10:09.565 | INFO     | __main__:remove_duplicates:105 - Original dataframe shape: (201, 6)
2025-11-09 18:10:09.565 | INFO     | __main__:remove_duplicates:106 - Deduped  dataframe shape: (201, 6)
2025-11-09 18:10:09.565 | INFO     | __main__:handle_missing_values:122 - FUNCTION START: handle_missing_values with dataframe shape=(201, 6)
2025-11-09 18:10:09.566 | INFO     | __main__:handle_missing_values:126 - Total missing values before handling: 0
2025-11-09 18:10:09.566 | INFO     | __main__:handle_missing_values:135 - Total missing values after handling: 0
2025-11-09 18:10:09.566 | INFO     | __main__:handle_missing_values:136 - 201 records remaining after handling missing values.
2025-11-09 18:10:09.566 | INFO     | __main__:remove_outliers:150 - FUNCTION START: remove_outliers with dataframe shape=(201, 6)
2025-11-09 18:10:09.566 | INFO     | __main__:remove_outliers:158 - Removed 0 outlier rows
2025-11-09 18:10:09.566 | INFO     | __main__:remove_outliers:159 - 201 records remaining after removing outliers.
2025-11-09 18:10:09.566 | INFO     | __main__:save_prepared_data:76 - FUNCTION START: save_prepared_data with file_name=customers_prepared.csv, dataframe shape=(201, 6)
2025-11-09 18:10:09.569 | INFO     | __main__:save_prepared_data:79 - Data saved to C:\Projects\smart-store-jacobsellinger\data\prepared\customers_prepared.csv
2025-11-09 18:10:09.569 | INFO     | __main__:main:214 - ==================================
2025-11-09 18:10:09.569 | INFO     | __main__:main:215 - Original shape: (201, 6)
2025-11-09 18:10:09.569 | INFO     | __main__:main:216 - Cleaned shape:  (201, 6)
2025-11-09 18:10:09.569 | INFO     | __main__:main:217 - ==================================
2025-11-09 18:10:09.569 | INFO     | __main__:main:218 - FINISHED prepare_customers_data.py
2025-11-09 18:10:09.569 | INFO     | __main__:main:219 - ==================================
2025-11-09 18:10:14.703 | INFO     | __main__:main:232 - ==================================
2025-11-09 18:10:14.704 | INFO     | __main__:main:233 - STARTING prepare_products_data.py
2025-11-09 18:10:14.704 | INFO     | __main__:main:234 - ==================================
2025-11-09 18:10:14.704 | INFO     | __main__:main:236 - Root         : C:\Projects\smart-store-jacobsellinger
2025-11-09 18:10:14.704 | INFO     | __main__:main:237 - data/raw     : C:\Projects\smart-store-jacobsellinger\data\raw
2025-11-09 18:10:14.704 | INFO     | __main__:main:238 - data/prepared: C:\Projects\smart-store-jacobsellinger\data\prepared
2025-11-09 18:10:14.705 | INFO     | __main__:main:239 - scripts      : C:\Projects\smart-store-jacobsellinger\src
2025-11-09 18:10:14.705 | INFO     | __main__:read_raw_data:64 - FUNCTION START: read_raw_data with file_name=products_data.csv
2025-11-09 18:10:14.705 | INFO     | __main__:read_raw_data:66 - Reading data from C:\Projects\smart-store-jacobsellinger\data\raw\products_data.csv
2025-11-09 18:10:14.715 | INFO     | __main__:read_raw_data:68 - Loaded dataframe with 100 rows and 6 columns
2025-11-09 18:10:14.715 | INFO     | __main__:read_raw_data:64 - FUNCTION START: read_raw_data with file_name=products_data.csv
2025-11-09 18:10:14.715 | INFO     | __main__:read_raw_data:66 - Reading data from C:\Projects\smart-store-jacobsellinger\data\raw\products_data.csv
2025-11-09 18:10:14.716 | INFO     | __main__:read_raw_data:68 - Loaded dataframe with 100 rows and 6 columns
2025-11-09 18:10:14.716 | INFO     | __main__:main:254 - Initial dataframe columns: ProductID, ProductName, Category, UnitPrice, QuantityOnHand, ChannelAvailability
2025-11-09 18:10:14.716 | INFO     | __main__:main:255 - Initial dataframe shape: (100, 6)
2025-11-09 18:10:14.717 | INFO     | __main__:main:264 - Cleaned column names: ProductID -> productid, ProductName -> productname, Category -> category, UnitPrice -> unitprice, QuantityOnHand -> quantityonhand, ChannelAvailability -> channelavailability
2025-11-09 18:10:14.717 | INFO     | __main__:remove_duplicates:101 - FUNCTION START: remove_duplicates with dataframe shape=(100, 6)
2025-11-09 18:10:14.718 | INFO     | __main__:remove_duplicates:111 - Removed 0 duplicate rows
2025-11-09 18:10:14.718 | INFO     | __main__:remove_duplicates:112 - 100 records remaining after removing duplicates.
2025-11-09 18:10:14.719 | INFO     | __main__:handle_missing_values:126 - FUNCTION START: handle_missing_values with dataframe shape=(100, 6)
2025-11-09 18:10:14.719 | INFO     | __main__:handle_missing_values:131 - Missing values by column before handling:
productid               0
productname             0
category                0
unitprice               0
quantityonhand          0
channelavailability    12
dtype: int64
2025-11-09 18:10:14.720 | INFO     | __main__:handle_missing_values:145 - Missing values by column after handling:
productid               0
productname             0
category                0
unitprice               0
quantityonhand          0
channelavailability    12
dtype: int64
2025-11-09 18:10:14.721 | INFO     | __main__:handle_missing_values:146 - 100 records remaining after handling missing values.
2025-11-09 18:10:14.721 | INFO     | __main__:remove_outliers:160 - FUNCTION START: remove_outliers with dataframe shape=(100, 6)
2025-11-09 18:10:14.721 | INFO     | __main__:remove_outliers:179 - Removed 0 outlier rows
2025-11-09 18:10:14.721 | INFO     | __main__:remove_outliers:180 - 100 records remaining after removing outliers.
2025-11-09 18:10:14.721 | INFO     | __main__:validate_data:216 - FUNCTION START: validate_data with dataframe shape=(100, 6)
2025-11-09 18:10:14.721 | INFO     | __main__:validate_data:225 - Data validation complete
2025-11-09 18:10:14.721 | INFO     | __main__:standardize_formats:193 - FUNCTION START: standardize_formats with dataframe shape=(100, 6)
2025-11-09 18:10:14.722 | INFO     | __main__:standardize_formats:203 - Completed standardizing formats
2025-11-09 18:10:14.722 | INFO     | __main__:save_prepared_data:86 - FUNCTION START: save_prepared_data with file_name=products_prepared.csv, dataframe shape=(100, 6)
2025-11-09 18:10:14.724 | INFO     | __main__:save_prepared_data:89 - Data saved to C:\Projects\smart-store-jacobsellinger\data\prepared\products_prepared.csv
2025-11-09 18:10:14.724 | INFO     | __main__:main:284 - ==================================
2025-11-09 18:10:14.724 | INFO     | __main__:main:285 - Original shape: (100, 6)
2025-11-09 18:10:14.725 | INFO     | __main__:main:286 - Cleaned shape:  (100, 6)
2025-11-09 18:10:14.726 | INFO     | __main__:main:287 - ==================================
2025-11-09 18:10:14.726 | INFO     | __main__:main:288 - FINISHED prepare_products_data.py
2025-11-09 18:10:14.726 | INFO     | __main__:main:289 - ==================================
2025-11-09 18:10:19.116 | INFO     | __main__:main:89 - ==================================
2025-11-09 18:10:19.116 | INFO     | __main__:main:90 - STARTING prepare_sales_data.py
2025-11-09 18:10:19.117 | INFO     | __main__:main:91 - ==================================
2025-11-09 18:10:19.117 | INFO     | __main__:main:93 - Root         : C:\Projects\smart-store-jacobsellinger
2025-11-09 18:10:19.117 | INFO     | __main__:main:94 - data/raw     : C:\Projects\smart-store-jacobsellinger\data\raw
2025-11-09 18:10:19.117 | INFO     | __main__:main:95 - data/prepared: C:\Projects\smart-store-jacobsellinger\data\prepared
2025-11-09 18:10:19.117 | INFO     | __main__:main:96 - scripts      : C:\Projects\smart-store-jacobsellinger\src
2025-11-09 18:10:19.117 | INFO     | __main__:read_raw_data:66 - FUNCTION START: read_raw_data with file_name=sales_data.csv
2025-11-09 18:10:19.117 | INFO     | __main__:read_raw_data:68 - Reading data from C:\Projects\smart-store-jacobsellinger\data\raw\sales_data.csv
2025-11-09 18:10:19.122 | INFO     | __main__:read_raw_data:70 - Loaded dataframe with 2001 rows and 9 columns
2025-11-09 18:10:19.122 | INFO     | __main__:main:108 - Initial dataframe columns: TransactionID, SaleDate, CustomerID, ProductID, StoreID, CampaignID, SaleAmount, ReedemableStoreCryptoCurrency, WinCoins
2025-11-09 18:10:19.122 | INFO     | __main__:main:109 - Initial dataframe shape: (2001, 9)
2025-11-09 18:10:19.122 | INFO     | __main__:main:129 - ==================================
2025-11-09 18:10:19.123 | INFO     | __main__:main:130 - Original shape: (2001, 9)
2025-11-09 18:10:19.123 | INFO     | __main__:main:131 - Cleaned shape:  (2001, 9)
2025-11-09 18:10:19.123 | INFO     | __main__:main:132 - ==================================
2025-11-09 18:10:19.123 | INFO     | __main__:main:133 - FINISHED prepare_sales_data.py
2025-11-09 18:10:19.123 | INFO     | __main__:main:134 - ==================================
2025-11-09 18:11:03.873 | INFO     | __main__:main:89 - ==================================
2025-11-09 18:11:03.873 | INFO     | __main__:main:90 - STARTING prepare_sales_data.py
2025-11-09 18:11:03.873 | INFO     | __main__:main:91 - ==================================
2025-11-09 18:11:03.873 | INFO     | __main__:main:93 - Root         : C:\Projects\smart-store-jacobsellinger
2025-11-09 18:11:03.873 | INFO     | __main__:main:94 - data/raw     : C:\Projects\smart-store-jacobsellinger\data\raw
2025-11-09 18:11:03.873 | INFO     | __main__:main:95 - data/prepared: C:\Projects\smart-store-jacobsellinger\data\prepared
2025-11-09 18:11:03.873 | INFO     | __main__:main:96 - scripts      : C:\Projects\smart-store-jacobsellinger\src
2025-11-09 18:11:03.873 | INFO     | __main__:read_raw_data:66 - FUNCTION START: read_raw_data with file_name=sales_data.csv
2025-11-09 18:11:03.874 | INFO     | __main__:read_raw_data:68 - Reading data from C:\Projects\smart-store-jacobsellinger\data\raw\sales_data.csv
2025-11-09 18:11:03.878 | INFO     | __main__:read_raw_data:70 - Loaded dataframe with 2001 rows and 9 columns
2025-11-09 18:11:03.878 | INFO     | __main__:main:108 - Initial dataframe columns: TransactionID, SaleDate, CustomerID, ProductID, StoreID, CampaignID, SaleAmount, ReedemableStoreCryptoCurrency, WinCoins
2025-11-09 18:11:03.878 | INFO     | __main__:main:109 - Initial dataframe shape: (2001, 9)
2025-11-09 18:11:03.878 | INFO     | __main__:main:129 - ==================================
2025-11-09 18:11:03.879 | INFO     | __main__:main:130 - Original shape: (2001, 9)
2025-11-09 18:11:03.879 | INFO     | __main__:main:131 - Cleaned shape:  (2001, 9)
2025-11-09 18:11:03.879 | INFO     | __main__:main:132 - ==================================
2025-11-09 18:11:03.879 | INFO     | __main__:main:133 - FINISHED prepare_sales_data.py
2025-11-09 18:11:03.879 | INFO     | __main__:main:134 - ==================================
2025-11-09 18:13:37.792 | INFO     | __main__:main:89 - ==================================
2025-11-09 18:13:37.792 | INFO     | __main__:main:90 - STARTING prepare_sales_data.py
2025-11-09 18:13:37.792 | INFO     | __main__:main:91 - ==================================
2025-11-09 18:13:37.792 | INFO     | __main__:main:93 - Root         : C:\Projects\smart-store-jacobsellinger
2025-11-09 18:13:37.792 | INFO     | __main__:main:94 - data/raw     : C:\Projects\smart-store-jacobsellinger\data\raw
2025-11-09 18:13:37.792 | INFO     | __main__:main:95 - data/prepared: C:\Projects\smart-store-jacobsellinger\data\prepared
2025-11-09 18:13:37.792 | INFO     | __main__:main:96 - scripts      : C:\Projects\smart-store-jacobsellinger\src
2025-11-09 18:13:37.793 | INFO     | __main__:read_raw_data:66 - FUNCTION START: read_raw_data with file_name=sales_data.csv
2025-11-09 18:13:37.793 | INFO     | __main__:read_raw_data:68 - Reading data from C:\Projects\smart-store-jacobsellinger\data\raw\sales_data.csv
2025-11-09 18:13:37.797 | INFO     | __main__:read_raw_data:70 - Loaded dataframe with 2001 rows and 9 columns
2025-11-09 18:13:37.798 | INFO     | __main__:main:108 - Initial dataframe columns: TransactionID, SaleDate, CustomerID, ProductID, StoreID, CampaignID, SaleAmount, ReedemableStoreCryptoCurrency, WinCoins
2025-11-09 18:13:37.798 | INFO     | __main__:main:109 - Initial dataframe shape: (2001, 9)
2025-11-09 18:13:37.798 | INFO     | __main__:main:129 - ==================================
2025-11-09 18:13:37.798 | INFO     | __main__:main:130 - Original shape: (2001, 9)
2025-11-09 18:13:37.799 | INFO     | __main__:main:131 - Cleaned shape:  (2001, 9)
2025-11-09 18:13:37.799 | INFO     | __main__:main:132 - ==================================
2025-11-09 18:13:37.799 | INFO     | __main__:main:133 - FINISHED prepare_sales_data.py
2025-11-09 18:13:37.799 | INFO     | __main__:main:134 - ==================================
2025-11-09 18:21:13.296 | INFO     | __main__:main:89 - ==================================
2025-11-09 18:21:13.296 | INFO     | __main__:main:90 - STARTING prepare_sales_data.py
2025-11-09 18:21:13.297 | INFO     | __main__:main:91 - ==================================
2025-11-09 18:21:13.297 | INFO     | __main__:main:93 - Root         : C:\Projects\smart-store-jacobsellinger
2025-11-09 18:21:13.297 | INFO     | __main__:main:94 - data/raw     : C:\Projects\smart-store-jacobsellinger\data\raw
2025-11-09 18:21:13.297 | INFO     | __main__:main:95 - data/prepared: C:\Projects\smart-store-jacobsellinger\data\prepared
2025-11-09 18:21:13.297 | INFO     | __main__:main:96 - scripts      : C:\Projects\smart-store-jacobsellinger\src
2025-11-09 18:21:13.297 | INFO     | __main__:read_raw_data:66 - FUNCTION START: read_raw_data with file_name=sales_data.csv
2025-11-09 18:21:13.297 | INFO     | __main__:read_raw_data:68 - Reading data from C:\Projects\smart-store-jacobsellinger\data\raw\sales_data.csv
2025-11-09 18:21:13.301 | INFO     | __main__:read_raw_data:70 - Loaded dataframe with 2001 rows and 9 columns
2025-11-09 18:21:13.301 | INFO     | __main__:main:108 - Initial dataframe columns: TransactionID, SaleDate, CustomerID, ProductID, StoreID, CampaignID, SaleAmount, ReedemableStoreCryptoCurrency, WinCoins
2025-11-09 18:21:13.301 | INFO     | __main__:main:109 - Initial dataframe shape: (2001, 9)
2025-11-09 18:21:13.302 | INFO     | __main__:main:129 - ==================================
2025-11-09 18:21:13.302 | INFO     | __main__:main:130 - Original shape: (2001, 9)
2025-11-09 18:21:13.302 | INFO     | __main__:main:131 - Cleaned shape:  (2001, 9)
2025-11-09 18:21:13.302 | INFO     | __main__:main:132 - ==================================
2025-11-09 18:21:13.302 | INFO     | __main__:main:133 - FINISHED prepare_sales_data.py
2025-11-09 18:21:13.302 | INFO     | __main__:main:134 - ==================================
2025-11-09 18:21:26.697 | INFO     | __main__:main:89 - ==================================
2025-11-09 18:21:26.697 | INFO     | __main__:main:90 - STARTING prepare_sales_data.py
2025-11-09 18:21:26.698 | INFO     | __main__:main:91 - ==================================
2025-11-09 18:21:26.698 | INFO     | __main__:main:93 - Root         : C:\Projects\smart-store-jacobsellinger
2025-11-09 18:21:26.698 | INFO     | __main__:main:94 - data/raw     : C:\Projects\smart-store-jacobsellinger\data\raw
2025-11-09 18:21:26.698 | INFO     | __main__:main:95 - data/prepared: C:\Projects\smart-store-jacobsellinger\data\prepared
2025-11-09 18:21:26.698 | INFO     | __main__:main:96 - scripts      : C:\Projects\smart-store-jacobsellinger\src
2025-11-09 18:21:26.698 | INFO     | __main__:read_raw_data:66 - FUNCTION START: read_raw_data with file_name=sales_data.csv
2025-11-09 18:21:26.698 | INFO     | __main__:read_raw_data:68 - Reading data from C:\Projects\smart-store-jacobsellinger\data\raw\sales_data.csv
2025-11-09 18:21:26.703 | INFO     | __main__:read_raw_data:70 - Loaded dataframe with 2001 rows and 9 columns
2025-11-09 18:21:26.703 | INFO     | __main__:main:108 - Initial dataframe columns: TransactionID, SaleDate, CustomerID, ProductID, StoreID, CampaignID, SaleAmount, ReedemableStoreCryptoCurrency, WinCoins
2025-11-09 18:21:26.703 | INFO     | __main__:main:109 - Initial dataframe shape: (2001, 9)
2025-11-09 18:21:26.704 | INFO     | __main__:main:129 - ==================================
2025-11-09 18:21:26.704 | INFO     | __main__:main:130 - Original shape: (2001, 9)
2025-11-09 18:21:26.704 | INFO     | __main__:main:131 - Cleaned shape:  (2001, 9)
2025-11-09 18:21:26.704 | INFO     | __main__:main:132 - ==================================
2025-11-09 18:21:26.704 | INFO     | __main__:main:133 - FINISHED prepare_sales_data.py
2025-11-09 18:21:26.705 | INFO     | __main__:main:134 - ==================================
2025-11-09 18:29:09.108 | INFO     | __main__:main:89 - ==================================
2025-11-09 18:29:09.108 | INFO     | __main__:main:90 - STARTING prepare_sales_data.py
2025-11-09 18:29:09.108 | INFO     | __main__:main:91 - ==================================
2025-11-09 18:29:09.108 | INFO     | __main__:main:93 - Root         : C:\Projects\smart-store-jacobsellinger
2025-11-09 18:29:09.108 | INFO     | __main__:main:94 - data/raw     : C:\Projects\smart-store-jacobsellinger\data\raw
2025-11-09 18:29:09.108 | INFO     | __main__:main:95 - data/prepared: C:\Projects\smart-store-jacobsellinger\data\prepared
2025-11-09 18:29:09.109 | INFO     | __main__:main:96 - scripts      : C:\Projects\smart-store-jacobsellinger\src
2025-11-09 18:29:09.109 | INFO     | __main__:read_raw_data:66 - FUNCTION START: read_raw_data with file_name=sales_data.csv
2025-11-09 18:29:09.109 | INFO     | __main__:read_raw_data:68 - Reading data from C:\Projects\smart-store-jacobsellinger\data\raw\sales_data.csv
2025-11-09 18:29:09.113 | INFO     | __main__:read_raw_data:70 - Loaded dataframe with 2001 rows and 9 columns
2025-11-09 18:29:09.114 | INFO     | __main__:main:108 - Initial dataframe columns: TransactionID, SaleDate, CustomerID, ProductID, StoreID, CampaignID, SaleAmount, ReedemableStoreCryptoCurrency, WinCoins
2025-11-09 18:29:09.114 | INFO     | __main__:main:109 - Initial dataframe shape: (2001, 9)
2025-11-09 18:29:09.114 | INFO     | __main__:main:129 - ==================================
2025-11-09 18:29:09.114 | INFO     | __main__:main:130 - Original shape: (2001, 9)
2025-11-09 18:29:09.115 | INFO     | __main__:main:131 - Cleaned shape:  (2001, 9)
2025-11-09 18:29:09.115 | INFO     | __main__:main:132 - ==================================
2025-11-09 18:29:09.115 | INFO     | __main__:main:133 - FINISHED prepare_sales_data.py
2025-11-09 18:29:09.115 | INFO     | __main__:main:134 - ==================================
